<?xml version="1.0" encoding="UTF-8"?>
<testsuite xmlns:xsi="http://www.w3.org/2001/XMLSchema-instance" xsi:noNamespaceSchemaLocation="https://maven.apache.org/surefire/maven-surefire-plugin/xsd/surefire-test-report-3.0.xsd" version="3.0" name="TestSNWithMockDAO" time="0.003" tests="22" errors="10" skipped="0" failures="7">
  <properties>
    <property name="java.specification.version" value="17"/>
    <property name="sun.jnu.encoding" value="UTF-8"/>
    <property name="java.class.path" value="/Users/kuhoos/Desktop/FALL 2025/Software Testing and Operations/idk what this is/A1- Testing LAb/target/test-classes:/Users/kuhoos/Desktop/FALL 2025/Software Testing and Operations/idk what this is/A1- Testing LAb/target/classes:/Users/kuhoos/.m2/repository/junit/junit/4.13.2/junit-4.13.2.jar:/Users/kuhoos/.m2/repository/org/hamcrest/hamcrest-core/1.3/hamcrest-core-1.3.jar:/Users/kuhoos/.m2/repository/org/mockito/mockito-core/3.12.4/mockito-core-3.12.4.jar:/Users/kuhoos/.m2/repository/net/bytebuddy/byte-buddy/1.11.13/byte-buddy-1.11.13.jar:/Users/kuhoos/.m2/repository/net/bytebuddy/byte-buddy-agent/1.11.13/byte-buddy-agent-1.11.13.jar:/Users/kuhoos/.m2/repository/org/objenesis/objenesis/3.2/objenesis-3.2.jar:/Users/kuhoos/.m2/repository/org/hamcrest/hamcrest/2.2/hamcrest-2.2.jar:"/>
    <property name="java.vm.vendor" value="Homebrew"/>
    <property name="sun.arch.data.model" value="64"/>
    <property name="java.vendor.url" value="https://github.com/Homebrew/homebrew-core/issues"/>
    <property name="os.name" value="Mac OS X"/>
    <property name="java.vm.specification.version" value="17"/>
    <property name="user.country" value="IN"/>
    <property name="sun.java.launcher" value="SUN_STANDARD"/>
    <property name="sun.boot.library.path" value="/opt/homebrew/Cellar/openjdk@17/17.0.16/libexec/openjdk.jdk/Contents/Home/lib"/>
    <property name="sun.java.command" value="/Users/kuhoos/Desktop/FALL 2025/Software Testing and Operations/idk what this is/A1- Testing LAb/target/surefire/surefirebooter17343311639696840413.jar /Users/kuhoos/Desktop/FALL 2025/Software Testing and Operations/idk what this is/A1- Testing LAb/target/surefire 2025-09-16T13-25-20_375-jvmRun1 surefire8575751448874496070tmp surefire_03225519066553570037tmp"/>
    <property name="http.nonProxyHosts" value="local|*.local|169.254/16|*.169.254/16"/>
    <property name="jdk.debug" value="release"/>
    <property name="surefire.test.class.path" value="/Users/kuhoos/Desktop/FALL 2025/Software Testing and Operations/idk what this is/A1- Testing LAb/target/test-classes:/Users/kuhoos/Desktop/FALL 2025/Software Testing and Operations/idk what this is/A1- Testing LAb/target/classes:/Users/kuhoos/.m2/repository/junit/junit/4.13.2/junit-4.13.2.jar:/Users/kuhoos/.m2/repository/org/hamcrest/hamcrest-core/1.3/hamcrest-core-1.3.jar:/Users/kuhoos/.m2/repository/org/mockito/mockito-core/3.12.4/mockito-core-3.12.4.jar:/Users/kuhoos/.m2/repository/net/bytebuddy/byte-buddy/1.11.13/byte-buddy-1.11.13.jar:/Users/kuhoos/.m2/repository/net/bytebuddy/byte-buddy-agent/1.11.13/byte-buddy-agent-1.11.13.jar:/Users/kuhoos/.m2/repository/org/objenesis/objenesis/3.2/objenesis-3.2.jar:/Users/kuhoos/.m2/repository/org/hamcrest/hamcrest/2.2/hamcrest-2.2.jar:"/>
    <property name="sun.cpu.endian" value="little"/>
    <property name="user.home" value="/Users/kuhoos"/>
    <property name="user.language" value="en"/>
    <property name="java.specification.vendor" value="Oracle Corporation"/>
    <property name="java.version.date" value="2025-07-15"/>
    <property name="java.home" value="/opt/homebrew/Cellar/openjdk@17/17.0.16/libexec/openjdk.jdk/Contents/Home"/>
    <property name="file.separator" value="/"/>
    <property name="basedir" value="/Users/kuhoos/Desktop/FALL 2025/Software Testing and Operations/idk what this is/A1- Testing LAb"/>
    <property name="java.vm.compressedOopsMode" value="Zero based"/>
    <property name="line.separator" value="&#10;"/>
    <property name="java.vm.specification.vendor" value="Oracle Corporation"/>
    <property name="java.specification.name" value="Java Platform API Specification"/>
    <property name="surefire.real.class.path" value="/Users/kuhoos/Desktop/FALL 2025/Software Testing and Operations/idk what this is/A1- Testing LAb/target/surefire/surefirebooter17343311639696840413.jar"/>
    <property name="sun.management.compiler" value="HotSpot 64-Bit Tiered Compilers"/>
    <property name="ftp.nonProxyHosts" value="local|*.local|169.254/16|*.169.254/16"/>
    <property name="java.runtime.version" value="17.0.16+0"/>
    <property name="user.name" value="kuhoos"/>
    <property name="path.separator" value=":"/>
    <property name="os.version" value="15.6.1"/>
    <property name="java.runtime.name" value="OpenJDK Runtime Environment"/>
    <property name="file.encoding" value="UTF-8"/>
    <property name="java.vm.name" value="OpenJDK 64-Bit Server VM"/>
    <property name="java.vendor.version" value="Homebrew"/>
    <property name="maven.ext.class.path" value="/Users/kuhoos/.vscode/extensions/oracle.oracle-java-24.1.0/nbcode/java/maven-nblib/netbeans-eventspy.jar"/>
    <property name="localRepository" value="/Users/kuhoos/.m2/repository"/>
    <property name="java.vendor.url.bug" value="https://github.com/Homebrew/homebrew-core/issues"/>
    <property name="java.io.tmpdir" value="/var/folders/p3/gs_cfb_96h94p3jv490yrpym0000gn/T/"/>
    <property name="java.version" value="17.0.16"/>
    <property name="user.dir" value="/Users/kuhoos/Desktop/FALL 2025/Software Testing and Operations/idk what this is/A1- Testing LAb"/>
    <property name="os.arch" value="aarch64"/>
    <property name="java.vm.specification.name" value="Java Virtual Machine Specification"/>
    <property name="native.encoding" value="UTF-8"/>
    <property name="java.library.path" value="/Users/kuhoos/Library/Java/Extensions:/Library/Java/Extensions:/Network/Library/Java/Extensions:/System/Library/Java/Extensions:/usr/lib/java:."/>
    <property name="java.vm.info" value="mixed mode, sharing"/>
    <property name="java.vendor" value="Homebrew"/>
    <property name="java.vm.version" value="17.0.16+0"/>
    <property name="java.specification.maintenance.version" value="1"/>
    <property name="sun.io.unicode.encoding" value="UnicodeBig"/>
    <property name="socksNonProxyHosts" value="local|*.local|169.254/16|*.169.254/16"/>
    <property name="java.class.version" value="61.0"/>
  </properties>
  <testcase name="willAttemptToPersistANewAccount" classname="TestSNWithMockDAO" time="0">
    <failure type="java.lang.AssertionError"><![CDATA[java.lang.AssertionError
	at TestSNWithMockDAO.willAttemptToPersistANewAccount(TestSNWithMockDAO.java:37)
]]></failure>
  </testcase>
  <testcase name="willAttemptToPersistRejectionOfFriendRequest" classname="TestSNWithMockDAO" time="0">
    <failure type="java.lang.AssertionError"><![CDATA[java.lang.AssertionError
	at TestSNWithMockDAO.willAttemptToPersistRejectionOfFriendRequest(TestSNWithMockDAO.java:53)
]]></failure>
  </testcase>
  <testcase name="willAttemptToPersistSendingAFriendRequest" classname="TestSNWithMockDAO" time="0">
    <failure type="java.lang.AssertionError"><![CDATA[java.lang.AssertionError
	at TestSNWithMockDAO.willAttemptToPersistSendingAFriendRequest(TestSNWithMockDAO.java:43)
]]></failure>
  </testcase>
  <testcase name="willAttemptToPersistBlockingAMember" classname="TestSNWithMockDAO" time="0">
    <failure type="java.lang.AssertionError"><![CDATA[java.lang.AssertionError
	at TestSNWithMockDAO.willAttemptToPersistBlockingAMember(TestSNWithMockDAO.java:58)
]]></failure>
  </testcase>
  <testcase name="willAttemptToPersistLeavingSocialNetwork" classname="TestSNWithMockDAO" time="0">
    <failure type="java.lang.AssertionError"><![CDATA[java.lang.AssertionError
	at TestSNWithMockDAO.willAttemptToPersistLeavingSocialNetwork(TestSNWithMockDAO.java:64)
]]></failure>
  </testcase>
  <testcase name="willAttemptToPersistAcceptanceOfFriendRequest" classname="TestSNWithMockDAO" time="0">
    <failure type="java.lang.AssertionError"><![CDATA[java.lang.AssertionError
	at TestSNWithMockDAO.willAttemptToPersistAcceptanceOfFriendRequest(TestSNWithMockDAO.java:48)
]]></failure>
  </testcase>
  <testcase name="acceptingFriendRequestCreatesFriendship" classname="TestSNWithMockDAO" time="0">
    <error type="UserNotFoundException"><![CDATA[UserNotFoundException
]]></error>
  </testcase>
  <testcase name="canNotJoinSocialNetworkAgain" classname="TestSNWithMockDAO" time="0">
    <failure message="Expected exception: UserExistsException" type="java.lang.AssertionError"><![CDATA[java.lang.AssertionError: Expected exception: UserExistsException
]]></failure>
  </testcase>
  <testcase name="setEqualityWorksAsExpected" classname="TestSNWithMockDAO" time="0"/>
  <testcase name="sendingFriendRequestCreatesPendingRequestAndResponse" classname="TestSNWithMockDAO" time="0">
    <error type="UserNotFoundException"><![CDATA[UserNotFoundException
]]></error>
  </testcase>
  <testcase name="canListMembers" classname="TestSNWithMockDAO" time="0">
    <error type="UserNotFoundException"><![CDATA[UserNotFoundException
]]></error>
  </testcase>
  <testcase name="blockingAMemberMakesUserInvisibleToHerInListMembers" classname="TestSNWithMockDAO" time="0">
    <error type="UserNotFoundException"><![CDATA[UserNotFoundException
]]></error>
  </testcase>
  <testcase name="rejectingFriendRequestClearsPendingRequestAndResponse" classname="TestSNWithMockDAO" time="0">
    <error type="UserNotFoundException"><![CDATA[UserNotFoundException
]]></error>
  </testcase>
  <testcase name="canNotSendAFriendRequestToNonExistingMember" classname="TestSNWithMockDAO" time="0"/>
  <testcase name="blockingAMemberMakesUserInvisibleToHerInHasMember" classname="TestSNWithMockDAO" time="0">
    <error type="UserNotFoundException"><![CDATA[UserNotFoundException
]]></error>
  </testcase>
  <testcase name="canLoginAndFindYourself" classname="TestSNWithMockDAO" time="0">
    <error type="UserNotFoundException"><![CDATA[UserNotFoundException
]]></error>
  </testcase>
  <testcase name="mustLoginBeforeUsingSocialNetwork" classname="TestSNWithMockDAO" time="0"/>
  <testcase name="canJoinSocialNetwork" classname="TestSNWithMockDAO" time="0"/>
  <testcase name="recommendMembersReturnsSharedFriendsOfMyFriends" classname="TestSNWithMockDAO" time="0.001">
    <error type="UserNotFoundException"><![CDATA[UserNotFoundException
]]></error>
  </testcase>
  <testcase name="canCloneAccount" classname="TestSNWithMockDAO" time="0"/>
  <testcase name="canLeaveSocialNetwork" classname="TestSNWithMockDAO" time="0">
    <error type="UserNotFoundException"><![CDATA[UserNotFoundException
]]></error>
  </testcase>
  <testcase name="canLoginAndFindOthers" classname="TestSNWithMockDAO" time="0">
    <error type="UserNotFoundException"><![CDATA[UserNotFoundException
]]></error>
  </testcase>
</testsuite>